<?xml version="1.0" encoding="UTF-8"?>
<testsuite xmlns:xsi="http://www.w3.org/2001/XMLSchema-instance" xsi:noNamespaceSchemaLocation="https://maven.apache.org/surefire/maven-surefire-plugin/xsd/surefire-test-report-3.0.xsd" version="3.0" name="fr.univ_lyon1.info.m1.mes.HealthProTest" time="0.083" tests="3" errors="0" skipped="0" failures="0">
  <properties>
[...]
</properties>
  <testcase name="HealthProfessionalName" classname="fr.univ_lyon1.info.m1.mes.HealthProTest" time="0.045"/>
  <testcase name="GetPrescriptionTest" classname="fr.univ_lyon1.info.m1.mes.HealthProTest" time="0.015"/>
  <testcase name="GetNotPrescriptionTest" classname="fr.univ_lyon1.info.m1.mes.HealthProTest" time="0.002"/>
</testsuite>